0 verbose cli D:\nodejs\node.exe D:\nodejs\node_modules\npm\bin\npm-cli.js
1 info using npm@10.1.0
2 info using node@v20.9.0
3 timing npm:load:whichnode Completed in 2ms
4 timing config:load:defaults Completed in 2ms
5 timing config:load:file:D:\nodejs\node_modules\npm\npmrc Completed in 1ms
6 timing config:load:builtin Completed in 1ms
7 timing config:load:cli Completed in 1ms
8 timing config:load:env Completed in 0ms
9 timing config:load:file:D:\Users\27149\Desktop\shermp\app\houston-hiv-test\.npmrc Completed in 0ms
10 timing config:load:project Completed in 2ms
11 timing config:load:file:C:\Users\27149\.npmrc Completed in 0ms
12 timing config:load:user Completed in 1ms
13 timing config:load:file:D:\nodejs\node_global\etc\npmrc Completed in 0ms
14 timing config:load:global Completed in 0ms
15 timing config:load:setEnvs Completed in 0ms
16 timing config:load Completed in 8ms
17 timing npm:load:configload Completed in 8ms
18 timing config:load:flatten Completed in 1ms
19 timing npm:load:mkdirpcache Completed in 0ms
20 timing npm:load:mkdirplogs Completed in 1ms
21 verbose title npm run dev
22 verbose argv "run" "dev"
23 timing npm:load:setTitle Completed in 0ms
24 timing npm:load:display Completed in 1ms
25 verbose logfile logs-max:10 dir:D:\Users\27149\Desktop\shermp\app\houston-hiv-test\.npm-cache\_logs\2025-06-25T14_30_43_296Z-
26 verbose logfile D:\Users\27149\Desktop\shermp\app\houston-hiv-test\.npm-cache\_logs\2025-06-25T14_30_43_296Z-debug-0.log
27 timing npm:load:logFile Completed in 6ms
28 timing npm:load:timers Completed in 0ms
29 timing npm:load:configScope Completed in 0ms
30 timing npm:load Completed in 41ms
31 silly logfile start cleaning logs, removing 2 files
32 silly logfile done cleaning log files
33 timing command:run Completed in 586319ms
34 verbose exit 0
35 timing npm Completed in 586616ms
36 info ok
